#
# Library build progress log - generated by dep_prg.mk and dep_lib.mk
#
LIBS_READY  += cxx
LIBS_READY  += platform
LIBS_READY  += base-common
LIBS_READY  += syscall
LIBS_READY  += startup
LIBS_READY  += timer
LIBS_READY  += base
LIBS_READY  += alarm
LIBS_READY  += server
LIBS_READY  += init_pd_args
LIBS_READY  += config
LIBS_READY  += rump
LIBS_READY  += ldso-startup
LIBS_READY  += ld
LIBS_READY  += timed_semaphore
LIBS_READY  += rump_fs
LIBS_READY  += libc
LIBS_READY  += libc-string
LIBS_READY  += libc-locale
LIBS_READY  += libc-stdlib
LIBS_READY  += libc-stdio
LIBS_READY  += libc-gen
LIBS_READY  += libc-gdtoa
LIBS_READY  += libc-inet
LIBS_READY  += libc-stdtime
LIBS_READY  += libc-regex
LIBS_READY  += libc-compat
LIBS_READY  += libc-setjmp
